<?xml version="1.0" encoding="UTF-8"?>
<testng-results ignored="0" total="1" passed="1" failed="0" skipped="0">
  <reporter-output>
  </reporter-output>
  <suite started-at="2021-02-20T21:55:04 IST" name="Command line suite" finished-at="2021-02-20T21:55:04 IST" duration-ms="55">
    <groups>
    </groups>
    <test started-at="2021-02-20T21:55:04 IST" name="Command line test" finished-at="2021-02-20T21:55:04 IST" duration-ms="55">
      <class name="com.AppTest">
        <test-method signature="testApp()" started-at="2021-02-20T21:55:04 IST" name="testApp" finished-at="2021-02-20T21:55:04 IST" duration-ms="13" status="PASS">
          <reporter-output>
          </reporter-output>
        </test-method> <!-- testApp -->
      </class> <!-- com.AppTest -->
    </test> <!-- Command line test -->
  </suite> <!-- Command line suite -->
</testng-results>
