<?xml version="1.0" encoding="UTF-8"?>
<testng-results ignored="0" total="3" passed="3" failed="0" skipped="0">
  <reporter-output>
  </reporter-output>
  <suite started-at="2021-02-20T21:54:38 IST" name="Command line suite" finished-at="2021-02-20T21:55:04 IST" duration-ms="25757">
    <groups>
    </groups>
    <test started-at="2021-02-20T21:54:38 IST" name="Command line test" finished-at="2021-02-20T21:55:04 IST" duration-ms="25757">
      <class name="com.PdfHandlingTest">
        <test-method is-config="true" signature="setup()[pri:0, instance:com.PdfHandlingTest@23fe1d71]" started-at="2021-02-20T21:54:38 IST" name="setup" finished-at="2021-02-20T21:54:39 IST" duration-ms="1001" status="PASS">
          <reporter-output>
          </reporter-output>
        </test-method> <!-- setup -->
        <test-method signature="verifyContentInPDf()[pri:0, instance:com.PdfHandlingTest@23fe1d71]" started-at="2021-02-20T21:54:39 IST" name="verifyContentInPDf" finished-at="2021-02-20T21:54:52 IST" duration-ms="12506" status="PASS">
          <reporter-output>
          </reporter-output>
        </test-method> <!-- verifyContentInPDf -->
        <test-method is-config="true" signature="tearDown()[pri:0, instance:com.PdfHandlingTest@23fe1d71]" started-at="2021-02-20T21:55:04 IST" name="tearDown" finished-at="2021-02-20T21:55:04 IST" duration-ms="1" status="PASS">
          <reporter-output>
          </reporter-output>
        </test-method> <!-- tearDown -->
      </class> <!-- com.PdfHandlingTest -->
      <class name="com.HomepageTest">
        <test-method signature="home()[pri:0, instance:com.HomepageTest@28ac3dc3]" started-at="2021-02-20T21:54:52 IST" name="home" finished-at="2021-02-20T21:55:03 IST" duration-ms="11644" status="PASS">
          <reporter-output>
          </reporter-output>
        </test-method> <!-- home -->
      </class> <!-- com.HomepageTest -->
      <class name="com.MySqlConTest">
        <test-method signature="retrieveData()[pri:0, instance:com.MySqlConTest@32eebfca]" started-at="2021-02-20T21:55:03 IST" name="retrieveData" finished-at="2021-02-20T21:55:04 IST" duration-ms="568" status="PASS">
          <reporter-output>
          </reporter-output>
        </test-method> <!-- retrieveData -->
      </class> <!-- com.MySqlConTest -->
    </test> <!-- Command line test -->
  </suite> <!-- Command line suite -->
</testng-results>
