<?xml version="1.0" encoding="UTF-8"?>
<!-- Generated by org.testng.reporters.JUnitXMLReporter -->
<testsuite ignored="0" hostname="pop-os" failures="0" tests="3" name="Command line test" time="25.757" errors="0" timestamp="2021-02-20T21:55:04 IST">
  <testcase classname="com.PdfHandlingTest" name="verifyContentInPDf" time="12.506"/>
  <testcase classname="com.HomepageTest" name="home" time="11.644"/>
  <testcase classname="com.MySqlConTest" name="retrieveData" time="0.568"/>
</testsuite> <!-- Command line test -->
