<?xml version="1.0" encoding="UTF-8"?>
<testng-results ignored="0" total="3" passed="3" failed="0" skipped="0">
  <reporter-output>
  </reporter-output>
  <suite started-at="2021-02-21T00:57:52 IST" name="Suite" finished-at="2021-02-21T00:58:14 IST" duration-ms="21860">
    <groups>
    </groups>
    <test started-at="2021-02-21T00:57:52 IST" name="Test" finished-at="2021-02-21T00:58:14 IST" duration-ms="21860">
      <class name="com.HomepageTest">
        <test-method signature="home()[pri:0, instance:com.HomepageTest@23986957]" started-at="2021-02-21T00:57:52 IST" name="home" finished-at="2021-02-21T00:58:00 IST" duration-ms="7607" status="PASS">
          <reporter-output>
          </reporter-output>
        </test-method> <!-- home -->
      </class> <!-- com.HomepageTest -->
      <class name="com.PdfHandlingTest">
        <test-method is-config="true" signature="setup()[pri:0, instance:com.PdfHandlingTest@23f7d05d]" started-at="2021-02-21T00:58:00 IST" name="setup" finished-at="2021-02-21T00:58:00 IST" duration-ms="519" status="PASS">
          <reporter-output>
          </reporter-output>
        </test-method> <!-- setup -->
        <test-method signature="verifyContentInPDf()[pri:0, instance:com.PdfHandlingTest@23f7d05d]" started-at="2021-02-21T00:58:00 IST" name="verifyContentInPDf" finished-at="2021-02-21T00:58:13 IST" duration-ms="12948" status="PASS">
          <reporter-output>
          </reporter-output>
        </test-method> <!-- verifyContentInPDf -->
        <test-method is-config="true" signature="tearDown()[pri:0, instance:com.PdfHandlingTest@23f7d05d]" started-at="2021-02-21T00:58:13 IST" name="tearDown" finished-at="2021-02-21T00:58:14 IST" duration-ms="86" status="PASS">
          <reporter-output>
          </reporter-output>
        </test-method> <!-- tearDown -->
        <test-method is-config="true" signature="tearDown()[pri:0, instance:com.PdfHandlingTest@23f7d05d]" started-at="2021-02-21T00:58:14 IST" name="tearDown" finished-at="2021-02-21T00:58:14 IST" duration-ms="1" status="PASS">
          <reporter-output>
          </reporter-output>
        </test-method> <!-- tearDown -->
      </class> <!-- com.PdfHandlingTest -->
      <class name="com.MySqlConTest">
        <test-method signature="retrieveData()[pri:0, instance:com.MySqlConTest@4c15e7fd]" started-at="2021-02-21T00:57:52 IST" name="retrieveData" finished-at="2021-02-21T00:57:52 IST" duration-ms="660" status="PASS">
          <reporter-output>
          </reporter-output>
        </test-method> <!-- retrieveData -->
      </class> <!-- com.MySqlConTest -->
    </test> <!-- Test -->
  </suite> <!-- Suite -->
</testng-results>
