<?xml version="1.0" encoding="UTF-8"?>
<testng-results ignored="0" total="3" passed="3" failed="0" skipped="0">
  <reporter-output>
  </reporter-output>
  <suite started-at="2021-02-20T22:50:18 IST" name="Suite" finished-at="2021-02-20T22:50:58 IST" duration-ms="39550">
    <groups>
    </groups>
    <test started-at="2021-02-20T22:50:18 IST" name="Test" finished-at="2021-02-20T22:50:58 IST" duration-ms="39550">
      <class name="com.HomepageTest">
        <test-method signature="home()[pri:0, instance:com.HomepageTest@197d671]" started-at="2021-02-20T22:50:19 IST" name="home" finished-at="2021-02-20T22:50:40 IST" duration-ms="21326" status="PASS">
          <reporter-output>
          </reporter-output>
        </test-method> <!-- home -->
      </class> <!-- com.HomepageTest -->
      <class name="com.PdfHandlingTest">
        <test-method is-config="true" signature="setup()[pri:0, instance:com.PdfHandlingTest@402e37bc]" started-at="2021-02-20T22:50:40 IST" name="setup" finished-at="2021-02-20T22:50:41 IST" duration-ms="552" status="PASS">
          <reporter-output>
          </reporter-output>
        </test-method> <!-- setup -->
        <test-method signature="verifyContentInPDf()[pri:0, instance:com.PdfHandlingTest@402e37bc]" started-at="2021-02-20T22:50:41 IST" name="verifyContentInPDf" finished-at="2021-02-20T22:50:58 IST" duration-ms="16821" status="PASS">
          <reporter-output>
          </reporter-output>
        </test-method> <!-- verifyContentInPDf -->
        <test-method is-config="true" signature="tearDown()[pri:0, instance:com.PdfHandlingTest@402e37bc]" started-at="2021-02-20T22:50:58 IST" name="tearDown" finished-at="2021-02-20T22:50:58 IST" duration-ms="124" status="PASS">
          <reporter-output>
          </reporter-output>
        </test-method> <!-- tearDown -->
        <test-method is-config="true" signature="tearDown()[pri:0, instance:com.PdfHandlingTest@402e37bc]" started-at="2021-02-20T22:50:58 IST" name="tearDown" finished-at="2021-02-20T22:50:58 IST" duration-ms="0" status="PASS">
          <reporter-output>
          </reporter-output>
        </test-method> <!-- tearDown -->
      </class> <!-- com.PdfHandlingTest -->
      <class name="com.MySqlConTest">
        <test-method signature="retrieveData()[pri:0, instance:com.MySqlConTest@27c86f2d]" started-at="2021-02-20T22:50:18 IST" name="retrieveData" finished-at="2021-02-20T22:50:19 IST" duration-ms="687" status="PASS">
          <reporter-output>
          </reporter-output>
        </test-method> <!-- retrieveData -->
      </class> <!-- com.MySqlConTest -->
    </test> <!-- Test -->
  </suite> <!-- Suite -->
</testng-results>
