<?xml version="1.0" encoding="UTF-8"?>
<testng-results ignored="0" total="2" passed="2" failed="0" skipped="0">
  <reporter-output>
  </reporter-output>
  <suite started-at="2021-02-22T14:18:24 IST" name="Default suite" finished-at="2021-02-22T14:19:30 IST" duration-ms="66053">
    <groups>
    </groups>
    <test started-at="2021-02-22T14:18:24 IST" name="Default test" finished-at="2021-02-22T14:19:30 IST" duration-ms="66053">
      <class name="com.SignInTest">
        <test-method is-config="true" signature="start()[pri:0, instance:com.SignInTest@512d4583]" started-at="2021-02-22T14:18:24 IST" name="start" finished-at="2021-02-22T14:18:35 IST" duration-ms="10909" status="PASS">
          <reporter-output>
          </reporter-output>
        </test-method> <!-- start -->
        <test-method signature="signInTest(java.util.Hashtable)[pri:0, instance:com.SignInTest@512d4583]" started-at="2021-02-22T14:18:35 IST" name="signInTest" data-provider="dp" finished-at="2021-02-22T14:18:56 IST" duration-ms="20834" status="PASS">
          <params>
            <param index="0">
              <value>
                <![CDATA[{password=Selenium@123, runmode=N, username=trainer@way2automation.com}]]>
              </value>
            </param>
          </params>
          <reporter-output>
          </reporter-output>
        </test-method> <!-- signInTest -->
        <test-method is-config="true" signature="end()[pri:0, instance:com.SignInTest@512d4583]" started-at="2021-02-22T14:18:56 IST" name="end" finished-at="2021-02-22T14:18:56 IST" duration-ms="176" status="PASS">
          <reporter-output>
          </reporter-output>
        </test-method> <!-- end -->
        <test-method is-config="true" signature="start()[pri:0, instance:com.SignInTest@512d4583]" started-at="2021-02-22T14:18:56 IST" name="start" finished-at="2021-02-22T14:19:09 IST" duration-ms="13265" status="PASS">
          <reporter-output>
          </reporter-output>
        </test-method> <!-- start -->
        <test-method signature="signInTest(java.util.Hashtable)[pri:0, instance:com.SignInTest@512d4583]" started-at="2021-02-22T14:19:09 IST" name="signInTest" data-provider="dp" finished-at="2021-02-22T14:19:30 IST" duration-ms="20662" status="PASS">
          <params>
            <param index="0">
              <value>
                <![CDATA[{password=Selenium@123, runmode=Y, username=java@way2automation.com}]]>
              </value>
            </param>
          </params>
          <reporter-output>
          </reporter-output>
        </test-method> <!-- signInTest -->
        <test-method is-config="true" signature="end()[pri:0, instance:com.SignInTest@512d4583]" started-at="2021-02-22T14:19:30 IST" name="end" finished-at="2021-02-22T14:19:30 IST" duration-ms="139" status="PASS">
          <reporter-output>
          </reporter-output>
        </test-method> <!-- end -->
      </class> <!-- com.SignInTest -->
    </test> <!-- Default test -->
  </suite> <!-- Default suite -->
</testng-results>
