<?xml version="1.0" encoding="UTF-8"?>
<testng-results ignored="0" total="1" passed="1" failed="0" skipped="0">
  <reporter-output>
  </reporter-output>
  <suite started-at="2021-02-20T22:33:20 IST" name="Default suite" finished-at="2021-02-20T22:33:21 IST" duration-ms="821">
    <groups>
    </groups>
    <test started-at="2021-02-20T22:33:20 IST" name="Default test" finished-at="2021-02-20T22:33:21 IST" duration-ms="821">
      <class name="com.MySqlConTest">
        <test-method signature="retrieveData()[pri:0, instance:com.MySqlConTest@47d9a273]" started-at="2021-02-20T22:33:20 IST" name="retrieveData" finished-at="2021-02-20T22:33:21 IST" duration-ms="776" status="PASS">
          <reporter-output>
          </reporter-output>
        </test-method> <!-- retrieveData -->
      </class> <!-- com.MySqlConTest -->
    </test> <!-- Default test -->
  </suite> <!-- Default suite -->
</testng-results>
